[23:34:46] [main/INFO]: Setting user: Player212
[23:34:51] [main/WARN]: Skipping bad option: lastServer:
[23:34:51] [main/INFO]: LWJGL Version: 2.9.4
[23:34:56] [main/INFO]: Reloading ResourceManager: Default, FMLFileResourcePack:Forge Mod Loader, FMLFileResourcePack:Minecraft Forge, FMLFileResourcePack:Sburb
[23:35:01] [Sound Library Loader/INFO]: Starting up SoundSystem...
[23:35:02] [Thread-5/INFO]: Initializing LWJGL OpenAL
[23:35:02] [Thread-5/INFO]: (The LWJGL binding of OpenAL.  For more information, see http://www.lwjgl.org)
[23:35:02] [Thread-5/INFO]: OpenAL initialized.
[23:35:02] [Sound Library Loader/INFO]: Sound engine started
[23:35:08] [main/INFO]: Created: 512x512 textures-atlas
[23:35:10] [main/WARN]: Skipping bad option: lastServer:
[23:35:11] [main/INFO]: Narrator library for x64 successfully loaded
[23:35:11] [Realms Notification Availability checker #1/INFO]: Could not authorize you against Realms server: Invalid session id
[23:35:14] [Server thread/INFO]: Starting integrated minecraft server version 1.12
[23:35:14] [Server thread/INFO]: Generating keypair
[23:35:15] [Server thread/INFO]: Loaded 488 advancements
[23:35:15] [Server thread/INFO]: Preparing start region for level 0
[23:35:16] [Server thread/INFO]: Preparing spawn area: 19%
[23:35:17] [Server thread/INFO]: Changing view distance to 12, from 10
[23:35:19] [Server thread/INFO]: Player212[local:E:885cfb8b] logged in with entity id 222 at (-156.43335494726963, 74.0, 226.08684924064738)
[23:35:19] [Server thread/INFO]: Player212 joined the game
[23:35:21] [Server thread/INFO]: Saving and pausing game...
[23:35:21] [Server thread/INFO]: Saving chunks for level 'New World'/overworld
[23:35:21] [main/INFO]: Loaded 2 advancements
[23:35:21] [Server thread/INFO]: Saving chunks for level 'New World'/the_nether
[23:35:21] [Server thread/INFO]: Saving chunks for level 'New World'/the_end
[23:35:22] [pool-2-thread-1/WARN]: Couldn't look up profile properties for com.mojang.authlib.GameProfile@499de1a8[id=e7efa64c-d66a-3088-a9f4-5a1090261573,name=Player212,properties={},legacy=false]
com.mojang.authlib.exceptions.AuthenticationException: The client has sent too many requests within a certain amount of time
	at com.mojang.authlib.yggdrasil.YggdrasilAuthenticationService.makeRequest(YggdrasilAuthenticationService.java:79) ~[YggdrasilAuthenticationService.class:?]
	at com.mojang.authlib.yggdrasil.YggdrasilMinecraftSessionService.fillGameProfile(YggdrasilMinecraftSessionService.java:180) [YggdrasilMinecraftSessionService.class:?]
	at com.mojang.authlib.yggdrasil.YggdrasilMinecraftSessionService$1.load(YggdrasilMinecraftSessionService.java:60) [YggdrasilMinecraftSessionService$1.class:?]
	at com.mojang.authlib.yggdrasil.YggdrasilMinecraftSessionService$1.load(YggdrasilMinecraftSessionService.java:57) [YggdrasilMinecraftSessionService$1.class:?]
	at com.google.common.cache.LocalCache$LoadingValueReference.loadFuture(LocalCache.java:3716) [guava-21.0.jar:?]
	at com.google.common.cache.LocalCache$Segment.loadSync(LocalCache.java:2424) [guava-21.0.jar:?]
	at com.google.common.cache.LocalCache$Segment.lockedGetOrLoad(LocalCache.java:2298) [guava-21.0.jar:?]
	at com.google.common.cache.LocalCache$Segment.get(LocalCache.java:2211) [guava-21.0.jar:?]
	at com.google.common.cache.LocalCache.get(LocalCache.java:4154) [guava-21.0.jar:?]
	at com.google.common.cache.LocalCache.getOrLoad(LocalCache.java:4158) [guava-21.0.jar:?]
	at com.google.common.cache.LocalCache$LocalLoadingCache.get(LocalCache.java:5147) [guava-21.0.jar:?]
	at com.google.common.cache.LocalCache$LocalLoadingCache.getUnchecked(LocalCache.java:5153) [guava-21.0.jar:?]
	at com.mojang.authlib.yggdrasil.YggdrasilMinecraftSessionService.fillProfileProperties(YggdrasilMinecraftSessionService.java:170) [YggdrasilMinecraftSessionService.class:?]
	at net.minecraft.client.Minecraft.getProfileProperties(Minecraft.java:3172) [Minecraft.class:?]
	at net.minecraft.client.resources.SkinManager$3.run(SkinManager.java:138) [SkinManager$3.class:?]
	at java.util.concurrent.Executors$RunnableAdapter.call(Executors.java:511) [?:1.8.0_144]
	at java.util.concurrent.FutureTask.run(FutureTask.java:266) [?:1.8.0_144]
	at java.util.concurrent.ThreadPoolExecutor.runWorker(ThreadPoolExecutor.java:1149) [?:1.8.0_144]
	at java.util.concurrent.ThreadPoolExecutor$Worker.run(ThreadPoolExecutor.java:624) [?:1.8.0_144]
	at java.lang.Thread.run(Thread.java:748) [?:1.8.0_144]
