[21:26:32] [main/INFO]: Setting user: Player801
[21:26:37] [main/WARN]: Skipping bad option: lastServer:
[21:26:37] [main/INFO]: LWJGL Version: 2.9.4
[21:26:40] [main/INFO]: Reloading ResourceManager: Default, FMLFileResourcePack:Forge Mod Loader, FMLFileResourcePack:Minecraft Forge, FMLFileResourcePack:Sburb
[21:26:44] [Sound Library Loader/INFO]: Starting up SoundSystem...
[21:26:45] [Thread-5/INFO]: Initializing LWJGL OpenAL
[21:26:45] [Thread-5/INFO]: (The LWJGL binding of OpenAL.  For more information, see http://www.lwjgl.org)
[21:26:45] [Thread-5/INFO]: OpenAL initialized.
[21:26:45] [Sound Library Loader/INFO]: Sound engine started
[21:26:50] [main/INFO]: Created: 512x512 textures-atlas
[21:26:52] [main/WARN]: Skipping bad option: lastServer:
[21:26:52] [main/INFO]: Narrator library for x64 successfully loaded
[21:26:53] [Realms Notification Availability checker #1/INFO]: Could not authorize you against Realms server: Invalid session id
[21:26:56] [Server thread/INFO]: Starting integrated minecraft server version 1.12
[21:26:56] [Server thread/INFO]: Generating keypair
[21:26:57] [Server thread/INFO]: Loaded 488 advancements
[21:26:57] [Server thread/INFO]: Preparing start region for level 0
[21:26:58] [Server thread/INFO]: Preparing spawn area: 36%
[21:26:59] [Server thread/INFO]: Changing view distance to 12, from 10
[21:27:00] [Server thread/INFO]: Player801[local:E:fb7dc77b] logged in with entity id 209 at (125.31204279538193, 64.0, 168.46366710433946)
[21:27:00] [Server thread/INFO]: Player801 joined the game
[21:27:00] [Server thread/INFO]: Player801 has made the advancement [Diamonds!]
[21:27:00] [Server thread/WARN]: Keeping entity minecraft:bat that already exists with UUID 28e4f7d6-4c64-4418-a60e-80e7ed44a433
[21:27:00] [Server thread/WARN]: Keeping entity minecraft:bat that already exists with UUID f596a4ee-316b-477e-83f6-8a918591ff9a
[21:27:01] [Server thread/WARN]: Keeping entity minecraft:skeleton that already exists with UUID 3c27cb97-54af-4167-a5ac-a372468e93f0
[21:27:01] [Server thread/WARN]: Keeping entity minecraft:creeper that already exists with UUID 07f29156-cade-4f0a-bd22-7bc318cbcd29
[21:27:01] [Server thread/WARN]: Keeping entity minecraft:zombie that already exists with UUID 78876e42-1b42-4d50-91b1-757ac923cb24
[21:27:02] [Server thread/INFO]: Saving and pausing game...
[21:27:02] [Server thread/INFO]: Saving chunks for level 'New World'/overworld
[21:27:02] [main/INFO]: [CHAT] Player801 has made the advancement [Diamonds!]
[21:27:02] [main/INFO]: Loaded 23 advancements
[21:27:02] [pool-2-thread-1/WARN]: Couldn't look up profile properties for com.mojang.authlib.GameProfile@1671fdd3[id=3ca144f4-1ff8-3e11-b846-ee12cf77a543,name=Player801,properties={},legacy=false]
com.mojang.authlib.exceptions.AuthenticationException: The client has sent too many requests within a certain amount of time
	at com.mojang.authlib.yggdrasil.YggdrasilAuthenticationService.makeRequest(YggdrasilAuthenticationService.java:79) ~[YggdrasilAuthenticationService.class:?]
	at com.mojang.authlib.yggdrasil.YggdrasilMinecraftSessionService.fillGameProfile(YggdrasilMinecraftSessionService.java:180) [YggdrasilMinecraftSessionService.class:?]
	at com.mojang.authlib.yggdrasil.YggdrasilMinecraftSessionService$1.load(YggdrasilMinecraftSessionService.java:60) [YggdrasilMinecraftSessionService$1.class:?]
	at com.mojang.authlib.yggdrasil.YggdrasilMinecraftSessionService$1.load(YggdrasilMinecraftSessionService.java:57) [YggdrasilMinecraftSessionService$1.class:?]
	at com.google.common.cache.LocalCache$LoadingValueReference.loadFuture(LocalCache.java:3716) [guava-21.0.jar:?]
	at com.google.common.cache.LocalCache$Segment.loadSync(LocalCache.java:2424) [guava-21.0.jar:?]
	at com.google.common.cache.LocalCache$Segment.lockedGetOrLoad(LocalCache.java:2298) [guava-21.0.jar:?]
	at com.google.common.cache.LocalCache$Segment.get(LocalCache.java:2211) [guava-21.0.jar:?]
	at com.google.common.cache.LocalCache.get(LocalCache.java:4154) [guava-21.0.jar:?]
	at com.google.common.cache.LocalCache.getOrLoad(LocalCache.java:4158) [guava-21.0.jar:?]
	at com.google.common.cache.LocalCache$LocalLoadingCache.get(LocalCache.java:5147) [guava-21.0.jar:?]
	at com.google.common.cache.LocalCache$LocalLoadingCache.getUnchecked(LocalCache.java:5153) [guava-21.0.jar:?]
	at com.mojang.authlib.yggdrasil.YggdrasilMinecraftSessionService.fillProfileProperties(YggdrasilMinecraftSessionService.java:170) [YggdrasilMinecraftSessionService.class:?]
	at net.minecraft.client.Minecraft.getProfileProperties(Minecraft.java:3172) [Minecraft.class:?]
	at net.minecraft.client.resources.SkinManager$3.run(SkinManager.java:138) [SkinManager$3.class:?]
	at java.util.concurrent.Executors$RunnableAdapter.call(Executors.java:511) [?:1.8.0_144]
	at java.util.concurrent.FutureTask.run(FutureTask.java:266) [?:1.8.0_144]
	at java.util.concurrent.ThreadPoolExecutor.runWorker(ThreadPoolExecutor.java:1149) [?:1.8.0_144]
	at java.util.concurrent.ThreadPoolExecutor$Worker.run(ThreadPoolExecutor.java:624) [?:1.8.0_144]
	at java.lang.Thread.run(Thread.java:748) [?:1.8.0_144]
[21:27:02] [Server thread/INFO]: Saving chunks for level 'New World'/the_nether
[21:27:02] [Server thread/INFO]: Saving chunks for level 'New World'/the_end
[21:27:02] [Server thread/WARN]: Keeping entity minecraft:bat that already exists with UUID a88e2313-c0f8-4fdf-af16-92d2f45159d4
[21:34:05] [Server thread/INFO]: [Player801: Set the time to 13000]
[21:34:05] [main/INFO]: [CHAT] Set the time to 13000
[21:34:08] [Server thread/INFO]: Saving and pausing game...
[21:34:08] [Server thread/INFO]: Saving chunks for level 'New World'/overworld
[21:34:08] [Server thread/INFO]: Saving chunks for level 'New World'/the_nether
[21:34:08] [Server thread/INFO]: Saving chunks for level 'New World'/the_end
[21:35:42] [main/INFO]: Loaded 40 advancements
[21:36:32] [Server thread/INFO]: Saving and pausing game...
[21:36:32] [Server thread/INFO]: Saving chunks for level 'New World'/overworld
[21:36:32] [Server thread/INFO]: Saving chunks for level 'New World'/the_nether
[21:36:32] [Server thread/INFO]: Saving chunks for level 'New World'/the_end
[21:48:18] [Server thread/INFO]: [Player801: Set the time to 13000]
[21:48:18] [main/INFO]: [CHAT] Set the time to 13000
[21:48:18] [Server thread/INFO]: Saving and pausing game...
[21:48:18] [Server thread/INFO]: Saving chunks for level 'New World'/overworld
[21:48:19] [Server thread/INFO]: Saving chunks for level 'New World'/the_nether
[21:48:19] [Server thread/INFO]: Saving chunks for level 'New World'/the_end
[21:48:47] [Server thread/INFO]: Saving and pausing game...
[21:48:47] [Server thread/INFO]: Saving chunks for level 'New World'/overworld
[21:48:47] [Server thread/INFO]: Saving chunks for level 'New World'/the_nether
[21:48:47] [Server thread/INFO]: Saving chunks for level 'New World'/the_end
